[3335][1610635095013][main][info]["Booting Postman 7.36.1, linux-5.10.7-arch1-1 on x64"]
[3335][1610635095016][main][info]["EventBus~initialize - Success"]
[3335][1610635095018][main][warn]["CloudProxyManager~init: Error while reading proxy configuration from user data - ",{"errno":-2,"code":"ENOENT","syscall":"open","path":"/home/peter/.config/Postman/Postman_Config/proxy","name":"Error","message":"ENOENT: no such file or directory, open '/home/peter/.config/Postman/Postman_Config/proxy'","stack":"Error: ENOENT: no such file or directory, open '/home/peter/.config/Postman/Postman_Config/proxy'"}]
[3335][1610635095019][main][info]["CloudProxyManager~init - Success"]
[3335][1610635095026][main][info]["UpdateHandler~init - Success"]
[3335][1610635095263][main][info]["RuntimeIPCAgent~started: Success"]
[3335][1610635095412][main][info]["LinuxAutoUpdater~Cleanup - Initial cleanup successful"]
[3335][1610635095524][main][warn]["main~populateInstallationId: Failed to get installationId from appSettings but with no error"]
[3335][1610635095677][main][info]["Bootstrap-models~bootstrap - Success"]
[3335][1610635095692][main][info]["window-manager~newSharedWindow: Shell loaded"]
[3335][1610635100845][main][info]["Main~AppEvents - Received booted event for process shared"]
[3335][1610635103060][main][info]["UpdateHandler~app-update-events - Received event",{"name":"checkForElectronVersionUpdated","namespace":"appUpdate"}]
[3335][1610635103082][main][info]["Main~AppEvents - Received booted event for process requester"]
[3335][1610635704183][main][info]["WindowManager~closeHandler - Closed Window (id: 4 )"]
[3335][1610635704212][main][info]["Quitting app"]
[2208][1610674076697][main][info]["Booting Postman 7.36.1, linux-5.10.7-arch1-1 on x64"]
[2208][1610674076704][main][info]["EventBus~initialize - Success"]
[2208][1610674076720][main][warn]["CloudProxyManager~init: Error while reading proxy configuration from user data - ",{"errno":-2,"code":"ENOENT","syscall":"open","path":"/home/peter/.config/Postman/Postman_Config/proxy","name":"Error","message":"ENOENT: no such file or directory, open '/home/peter/.config/Postman/Postman_Config/proxy'","stack":"Error: ENOENT: no such file or directory, open '/home/peter/.config/Postman/Postman_Config/proxy'"}]
[2208][1610674076723][main][info]["CloudProxyManager~init - Success"]
[2208][1610674076734][main][info]["UpdateHandler~init - Success"]
[2208][1610674079034][main][info]["RuntimeIPCAgent~started: Success"]
[2208][1610674079989][main][info]["LinuxAutoUpdater~Cleanup - Initial cleanup successful"]
[2208][1610674080431][main][info]["Bootstrap-models~bootstrap - Success"]
[2208][1610674081555][main][info]["window-manager~newSharedWindow: Shell loaded"]
[2208][1610674085534][main][info]["Main~AppEvents - Received booted event for process shared"]
[2208][1610674087915][main][info]["UpdateHandler~app-update-events - Received event",{"name":"checkForElectronVersionUpdated","namespace":"appUpdate"}]
[2208][1610674087928][main][info]["Main~AppEvents - Received booted event for process requester"]
[2208][1610693620813][main][info]["WindowManager~closeHandler - Closed Window (id: 3 )"]
[2208][1610693620848][main][info]["Quitting app"]
