[3335][1610635102829][requester][info]["EventBus~initialize - Success"]
[3335][1610635102831][requester][info]["Messaging~boot - Success"]
[3335][1610635102838][requester][info]["bootCrashReporter~ Success"]
[3335][1610635102839][requester][info]["Telemetry~boot - Success"]
[3335][1610635102839][requester][info]["bootConfigurations~initialize - Success"]
[3335][1610635102841][requester][info]["Settings~boot - Success"]
[3335][1610635102886][requester][info]["bootstrapModels - Success"]
[3335][1610635102886][requester][info]["WLModels~boot - Success"]
[3335][1610635103006][requester][info]["Session~boot - Success"]
[3335][1610635103007][requester][info]["IndependentServices~boot - Success"]
[3335][1610635103012][requester][info]["AppModels~boot - Success"]
[3335][1610635103015][requester][info]["DBWatcher~boot - Success"]
[3335][1610635103016][requester][info]["ThemeManager~boot - Success"]
[3335][1610635103017][requester][info]["Store~boot - Success"]
[3335][1610635103018][requester][info]["Shortcuts~boot - Success"]
[3335][1610635103019][requester][info]["SyncProxy~boot - Success"]
[3335][1610635103053][requester][info]["NewConsole~boot - Success"]
[3335][1610635103057][requester][info]["APIDevInterface~boot - Success"]
[3335][1610635103068][requester][info]["Requester~boot - Success"]
[3335][1610635103069][requester][info]["booted - requester"]
[3335][1610635103106][requester][warn]["CloudProxyHandler: Error while reading proxy configuration from user data - ",{"errno":-2,"code":"ENOENT","syscall":"open","path":"/home/peter/.config/Postman/Postman_Config/proxy","name":"Error","message":"ENOENT: no such file or directory, open '/home/peter/.config/Postman/Postman_Config/proxy'","stack":"Error: ENOENT: no such file or directory, open '/home/peter/.config/Postman/Postman_Config/proxy'"}]
[3335][1610635103791][requester][info]["SessionValidation - Registering listener"]
[3335][1610635103799][requester][warn]["FeatureFlagsStore~updateFlags: Could not find feature flags",{"error":{"message":"SyncRequestService\\x7erequestListener: Could not fetch from sync. Socket not connected."}}]
[3335][1610635145990][requester][warn]["Failed to subscribe to workspace for all APIs",{"name":"Error","message":"","stack":"Error\n    at SafeSubscriber._next (file:///usr/share/postman/app/js/vendor-shared.js:449215:24)\n    at SafeSubscriber.push.SafeSubscriber.__tryOrUnsub (file:///usr/share/postman/app/js/vendor-shared.js:414507:16)\n    at SafeSubscriber.push.SafeSubscriber.next (file:///usr/share/postman/app/js/vendor-shared.js:414445:22)\n    at Subscriber.push.Subscriber._next (file:///usr/share/postman/app/js/vendor-shared.js:414388:26)\n    at Subscriber.push.Subscriber.next (file:///usr/share/postman/app/js/vendor-shared.js:414365:18)\n    at FilterSubscriber.push.FilterSubscriber._next (file:///usr/share/postman/app/js/vendor-shared.js:421545:30)\n    at FilterSubscriber.push.Subscriber.next (file:///usr/share/postman/app/js/vendor-shared.js:414365:18)\n    at RefCountSubscriber.push.Subscriber._next (file:///usr/share/postman/app/js/vendor-shared.js:414388:26)\n    at RefCountSubscriber.push.Subscriber.next (file:///usr/share/postman/app/js/vendor-shared.js:414365:18)\n    at Subject.push.Subject.next (file:///usr/share/postman/app/js/vendor-shared.js:415441:25)\n    at ConnectableSubscriber.push.Subscriber._next (file:///usr/share/postman/app/js/vendor-shared.js:414388:26)\n    at ConnectableSubscriber.push.Subscriber.next (file:///usr/share/postman/app/js/vendor-shared.js:414365:18)\n    at EventEmitter.<anonymous> (file:///usr/share/postman/app/js/vendor-shared.js:449163:14)\n    at EventEmitter.emit (file:///usr/share/postman/app/js/vendor-shared.js:27377:5)\n    at _dispatch (file:///usr/share/postman/app/js/vendor-shared.js:45413:14)\n    at EventEmitter.<anonymous> (file:///usr/share/postman/app/js/vendor-shared.js:45423:9)"}]
[3335][1610635146052][requester][warn]["APIDevService~getAPIs: Failed to get APIs.",{"error":{"message":"SyncRequestService\\x7erequestListener: Could not fetch from sync. Socket not connected."}}]
[3335][1610635146054][requester][warn]["Failed to refresh API List",{"error":{"message":"SyncRequestService\\x7erequestListener: Could not fetch from sync. Socket not connected."}}]
[3335][1610635147014][requester][warn]["FeatureFlagsStore~updateFlags: Could not find feature flags",{"error":{"message":"SyncRequestService\\x7erequestListener: Could not fetch from sync. Socket not connected."}}]
[2208][1610674087721][requester][info]["EventBus~initialize - Success"]
[2208][1610674087723][requester][info]["Messaging~boot - Success"]
[2208][1610674087731][requester][info]["bootCrashReporter~ Success"]
[2208][1610674087732][requester][info]["Telemetry~boot - Success"]
[2208][1610674087732][requester][info]["bootConfigurations~initialize - Success"]
[2208][1610674087734][requester][info]["Settings~boot - Success"]
[2208][1610674087778][requester][info]["bootstrapModels - Success"]
[2208][1610674087778][requester][info]["WLModels~boot - Success"]
[2208][1610674087861][requester][info]["Session~boot - Success"]
[2208][1610674087863][requester][info]["IndependentServices~boot - Success"]
[2208][1610674087868][requester][info]["AppModels~boot - Success"]
[2208][1610674087870][requester][info]["DBWatcher~boot - Success"]
[2208][1610674087872][requester][info]["ThemeManager~boot - Success"]
[2208][1610674087872][requester][info]["Store~boot - Success"]
[2208][1610674087874][requester][info]["Shortcuts~boot - Success"]
[2208][1610674087874][requester][info]["SyncProxy~boot - Success"]
[2208][1610674087911][requester][info]["NewConsole~boot - Success"]
[2208][1610674087914][requester][info]["APIDevInterface~boot - Success"]
[2208][1610674087920][requester][info]["Requester~boot - Success"]
[2208][1610674087920][requester][info]["booted - requester"]
[2208][1610674087944][requester][warn]["CloudProxyHandler: Error while reading proxy configuration from user data - ",{"errno":-2,"code":"ENOENT","syscall":"open","path":"/home/peter/.config/Postman/Postman_Config/proxy","name":"Error","message":"ENOENT: no such file or directory, open '/home/peter/.config/Postman/Postman_Config/proxy'","stack":"Error: ENOENT: no such file or directory, open '/home/peter/.config/Postman/Postman_Config/proxy'"}]
[2208][1610674089250][requester][info]["SessionValidation - Registering listener"]
[2208][1610674089260][requester][warn]["FeatureFlagsStore~updateFlags: Could not find feature flags",{"error":{"message":"SyncRequestService\\x7erequestListener: Could not fetch from sync. Socket not connected."}}]
