[3335][1610635095677][shell][info]["EventBus~initialize - Success"]
[3335][1610635095684][shell][info]["bootShellCrashReporter~ Success"]
[3335][1610635095685][shell][info]["shellController~init: Success"]
[3335][1610635095685][shell][info]["shellMeta~init: Success"]
[3335][1610635095698][shell][info]["init~setViewAttributes - Initializing view with opts:",{"id":2,"type":"shared","startTime":1610635095310,"devtools":false,"partitionId":"default"}]
[3335][1610635095699][shell][info]["init~setViewAttributes - Success"]
[3335][1610635101047][shell][info]["EventBus~initialize - Success"]
[3335][1610635101054][shell][info]["bootShellCrashReporter~ Success"]
[3335][1610635101055][shell][info]["shellController~init: Success"]
[3335][1610635101055][shell][info]["shellMeta~init: Success"]
[3335][1610635101068][shell][info]["init~setViewAttributes - Initializing view with opts:",{"id":4,"type":"requester","startTime":1610635100870,"devtools":false,"primaryId":4,"allIds":[4],"partitionId":"default"}]
[3335][1610635101069][shell][info]["init~setViewAttributes - Success"]
[2208][1610674081502][shell][info]["EventBus~initialize - Success"]
[2208][1610674081548][shell][info]["bootShellCrashReporter~ Success"]
[2208][1610674081549][shell][info]["shellController~init: Success"]
[2208][1610674081549][shell][info]["shellMeta~init: Success"]
[2208][1610674081560][shell][info]["init~setViewAttributes - Initializing view with opts:",{"id":2,"type":"shared","startTime":1610674079637,"devtools":false,"partitionId":"default"}]
[2208][1610674081561][shell][info]["init~setViewAttributes - Success"]
[2208][1610674085848][shell][info]["EventBus~initialize - Success"]
[2208][1610674085854][shell][info]["bootShellCrashReporter~ Success"]
[2208][1610674085855][shell][info]["shellController~init: Success"]
[2208][1610674085856][shell][info]["shellMeta~init: Success"]
[2208][1610674085867][shell][info]["init~setViewAttributes - Initializing view with opts:",{"id":3,"type":"requester","startTime":1610674085566,"devtools":false,"primaryId":3,"allIds":[3],"partitionId":"default"}]
[2208][1610674085868][shell][info]["init~setViewAttributes - Success"]
